   1.453474     ,
   1.254749     ,
   8.168742     ,
  0.9993923     ,
  4.9997892E-02 ,
  4.4737523E-03 ,
  5.4578378E-04 ,
  2.5604481E-02 ,
  0.1123580     ,
  1.7400978E-02 ,
  7.2895671E-04 ,
  5.0493035E-02 ,
  6.9625452E-02 ,
  2.0138424E-02 ,
  3.7615039E-04 ,
  5.3521741E-02 ,
  5.3077834E-03 ,
  1.2443450E-03 ,
  1.5552971E-02 ,
  5.0942660E-03 ,
  6.9700859E-02 ,
  9.2095267E-03 ,
  5.3955871E-04 ,
  4.2407084E-02 ,
  6.7123003E-02 ,
  5.3976499E-03 ,
  3.0891952E-04 ,
  4.2064108E-02 ,
  0.3175547     ,
  7.0117891E-02 ,
  2.3557255E-03 ,
  5.6239706E-02 ,
  7.6653264E-02 ,
  4.0068738E-02 ,
  2.2839813E-03 ,
  3.4944784E-02 ,
  6.8231568E-02 ,
  4.5193359E-02 ,
  0.2798983     ,
  7.0427708E-02 ,
  6.4192645E-02 ,
  2.9146425E-02 ,
  2.1826683E-03 ,
  0.2217052     ,
